2024-10-14T11:54:00.930+08:00  INFO 16328 --- [main] com.lyc.teamnav.TeamNavApplication       : Starting TeamNavApplication using Java 22.0.1 with PID 16328 (D:\data\code\pujing\teamnav\target\classes started by Administrator in D:\data\code\pujing\teamnav)
2024-10-14T11:54:00.933+08:00  INFO 16328 --- [main] com.lyc.teamnav.TeamNavApplication       : The following 1 profile is active: "local"
2024-10-14T11:54:02.865+08:00 ERROR 16328 --- [main] o.s.boot.SpringApplication               : Application run failed

org.springframework.beans.factory.BeanCreationException: Error creating bean with name 'entityManagerFactory' defined in class path resource [org/springframework/boot/autoconfigure/orm/jpa/HibernateJpaConfiguration.class]: Failed to initialize dependency 'dataSourceScriptDatabaseInitializer' of LoadTimeWeaverAware bean 'entityManagerFactory': Error creating bean with name 'dataSourceScriptDatabaseInitializer' defined in class path resource [org/springframework/boot/autoconfigure/sql/init/DataSourceInitializationConfiguration.class]: Unsatisfied dependency expressed through method 'dataSourceScriptDatabaseInitializer' parameter 0: Error creating bean with name 'dataSource' defined in class path resource [org/springframework/boot/autoconfigure/jdbc/DataSourceConfiguration$Hikari.class]: Failed to instantiate [com.zaxxer.hikari.HikariDataSource]: Factory method 'dataSource' threw exception with message: Cannot load driver class: org.h2.Driver
	at org.springframework.beans.factory.support.AbstractBeanFactory.doGetBean(AbstractBeanFactory.java:326) ~[spring-beans-6.1.13.jar:6.1.13]
	at org.springframework.beans.factory.support.AbstractBeanFactory.getBean(AbstractBeanFactory.java:205) ~[spring-beans-6.1.13.jar:6.1.13]
	at org.springframework.context.support.AbstractApplicationContext.finishBeanFactoryInitialization(AbstractApplicationContext.java:954) ~[spring-context-6.1.13.jar:6.1.13]
	at org.springframework.context.support.AbstractApplicationContext.refresh(AbstractApplicationContext.java:625) ~[spring-context-6.1.13.jar:6.1.13]
	at org.springframework.boot.web.servlet.context.ServletWebServerApplicationContext.refresh(ServletWebServerApplicationContext.java:146) ~[spring-boot-3.3.4.jar:3.3.4]
	at org.springframework.boot.SpringApplication.refresh(SpringApplication.java:754) ~[spring-boot-3.3.4.jar:3.3.4]
	at org.springframework.boot.SpringApplication.refreshContext(SpringApplication.java:456) ~[spring-boot-3.3.4.jar:3.3.4]
	at org.springframework.boot.SpringApplication.run(SpringApplication.java:335) ~[spring-boot-3.3.4.jar:3.3.4]
	at org.springframework.boot.SpringApplication.run(SpringApplication.java:1363) ~[spring-boot-3.3.4.jar:3.3.4]
	at org.springframework.boot.SpringApplication.run(SpringApplication.java:1352) ~[spring-boot-3.3.4.jar:3.3.4]
	at com.lyc.teamnav.TeamNavApplication.main(TeamNavApplication.java:10) ~[classes/:na]
Caused by: org.springframework.beans.factory.UnsatisfiedDependencyException: Error creating bean with name 'dataSourceScriptDatabaseInitializer' defined in class path resource [org/springframework/boot/autoconfigure/sql/init/DataSourceInitializationConfiguration.class]: Unsatisfied dependency expressed through method 'dataSourceScriptDatabaseInitializer' parameter 0: Error creating bean with name 'dataSource' defined in class path resource [org/springframework/boot/autoconfigure/jdbc/DataSourceConfiguration$Hikari.class]: Failed to instantiate [com.zaxxer.hikari.HikariDataSource]: Factory method 'dataSource' threw exception with message: Cannot load driver class: org.h2.Driver
	at org.springframework.beans.factory.support.ConstructorResolver.createArgumentArray(ConstructorResolver.java:795) ~[spring-beans-6.1.13.jar:6.1.13]
	at org.springframework.beans.factory.support.ConstructorResolver.instantiateUsingFactoryMethod(ConstructorResolver.java:542) ~[spring-beans-6.1.13.jar:6.1.13]
	at org.springframework.beans.factory.support.AbstractAutowireCapableBeanFactory.instantiateUsingFactoryMethod(AbstractAutowireCapableBeanFactory.java:1355) ~[spring-beans-6.1.13.jar:6.1.13]
	at org.springframework.beans.factory.support.AbstractAutowireCapableBeanFactory.createBeanInstance(AbstractAutowireCapableBeanFactory.java:1185) ~[spring-beans-6.1.13.jar:6.1.13]
	at org.springframework.beans.factory.support.AbstractAutowireCapableBeanFactory.doCreateBean(AbstractAutowireCapableBeanFactory.java:562) ~[spring-beans-6.1.13.jar:6.1.13]
	at org.springframework.beans.factory.support.AbstractAutowireCapableBeanFactory.createBean(AbstractAutowireCapableBeanFactory.java:522) ~[spring-beans-6.1.13.jar:6.1.13]
	at org.springframework.beans.factory.support.AbstractBeanFactory.lambda$doGetBean$0(AbstractBeanFactory.java:337) ~[spring-beans-6.1.13.jar:6.1.13]
	at org.springframework.beans.factory.support.DefaultSingletonBeanRegistry.getSingleton(DefaultSingletonBeanRegistry.java:234) ~[spring-beans-6.1.13.jar:6.1.13]
	at org.springframework.beans.factory.support.AbstractBeanFactory.doGetBean(AbstractBeanFactory.java:335) ~[spring-beans-6.1.13.jar:6.1.13]
	at org.springframework.beans.factory.support.AbstractBeanFactory.getBean(AbstractBeanFactory.java:200) ~[spring-beans-6.1.13.jar:6.1.13]
	at org.springframework.beans.factory.support.AbstractBeanFactory.doGetBean(AbstractBeanFactory.java:313) ~[spring-beans-6.1.13.jar:6.1.13]
	... 10 common frames omitted
Caused by: org.springframework.beans.factory.BeanCreationException: Error creating bean with name 'dataSource' defined in class path resource [org/springframework/boot/autoconfigure/jdbc/DataSourceConfiguration$Hikari.class]: Failed to instantiate [com.zaxxer.hikari.HikariDataSource]: Factory method 'dataSource' threw exception with message: Cannot load driver class: org.h2.Driver
	at org.springframework.beans.factory.support.ConstructorResolver.instantiate(ConstructorResolver.java:648) ~[spring-beans-6.1.13.jar:6.1.13]
	at org.springframework.beans.factory.support.ConstructorResolver.instantiateUsingFactoryMethod(ConstructorResolver.java:636) ~[spring-beans-6.1.13.jar:6.1.13]
	at org.springframework.beans.factory.support.AbstractAutowireCapableBeanFactory.instantiateUsingFactoryMethod(AbstractAutowireCapableBeanFactory.java:1355) ~[spring-beans-6.1.13.jar:6.1.13]
	at org.springframework.beans.factory.support.AbstractAutowireCapableBeanFactory.createBeanInstance(AbstractAutowireCapableBeanFactory.java:1185) ~[spring-beans-6.1.13.jar:6.1.13]
	at org.springframework.beans.factory.support.AbstractAutowireCapableBeanFactory.doCreateBean(AbstractAutowireCapableBeanFactory.java:562) ~[spring-beans-6.1.13.jar:6.1.13]
	at org.springframework.beans.factory.support.AbstractAutowireCapableBeanFactory.createBean(AbstractAutowireCapableBeanFactory.java:522) ~[spring-beans-6.1.13.jar:6.1.13]
	at org.springframework.beans.factory.support.AbstractBeanFactory.lambda$doGetBean$0(AbstractBeanFactory.java:337) ~[spring-beans-6.1.13.jar:6.1.13]
	at org.springframework.beans.factory.support.DefaultSingletonBeanRegistry.getSingleton(DefaultSingletonBeanRegistry.java:234) ~[spring-beans-6.1.13.jar:6.1.13]
	at org.springframework.beans.factory.support.AbstractBeanFactory.doGetBean(AbstractBeanFactory.java:335) ~[spring-beans-6.1.13.jar:6.1.13]
	at org.springframework.beans.factory.support.AbstractBeanFactory.getBean(AbstractBeanFactory.java:200) ~[spring-beans-6.1.13.jar:6.1.13]
	at org.springframework.beans.factory.config.DependencyDescriptor.resolveCandidate(DependencyDescriptor.java:254) ~[spring-beans-6.1.13.jar:6.1.13]
	at org.springframework.beans.factory.support.DefaultListableBeanFactory.doResolveDependency(DefaultListableBeanFactory.java:1443) ~[spring-beans-6.1.13.jar:6.1.13]
	at org.springframework.beans.factory.support.DefaultListableBeanFactory.resolveDependency(DefaultListableBeanFactory.java:1353) ~[spring-beans-6.1.13.jar:6.1.13]
	at org.springframework.beans.factory.support.ConstructorResolver.resolveAutowiredArgument(ConstructorResolver.java:904) ~[spring-beans-6.1.13.jar:6.1.13]
	at org.springframework.beans.factory.support.ConstructorResolver.createArgumentArray(ConstructorResolver.java:782) ~[spring-beans-6.1.13.jar:6.1.13]
	... 20 common frames omitted
Caused by: org.springframework.beans.BeanInstantiationException: Failed to instantiate [com.zaxxer.hikari.HikariDataSource]: Factory method 'dataSource' threw exception with message: Cannot load driver class: org.h2.Driver
	at org.springframework.beans.factory.support.SimpleInstantiationStrategy.instantiate(SimpleInstantiationStrategy.java:178) ~[spring-beans-6.1.13.jar:6.1.13]
	at org.springframework.beans.factory.support.ConstructorResolver.instantiate(ConstructorResolver.java:644) ~[spring-beans-6.1.13.jar:6.1.13]
	... 34 common frames omitted
Caused by: java.lang.IllegalStateException: Cannot load driver class: org.h2.Driver
	at org.springframework.util.Assert.state(Assert.java:97) ~[spring-core-6.1.13.jar:6.1.13]
	at org.springframework.boot.autoconfigure.jdbc.DataSourceProperties.determineDriverClassName(DataSourceProperties.java:175) ~[spring-boot-autoconfigure-3.3.4.jar:3.3.4]
	at org.springframework.boot.autoconfigure.jdbc.PropertiesJdbcConnectionDetails.getDriverClassName(PropertiesJdbcConnectionDetails.java:49) ~[spring-boot-autoconfigure-3.3.4.jar:3.3.4]
	at org.springframework.boot.autoconfigure.jdbc.DataSourceConfiguration.createDataSource(DataSourceConfiguration.java:55) ~[spring-boot-autoconfigure-3.3.4.jar:3.3.4]
	at org.springframework.boot.autoconfigure.jdbc.DataSourceConfiguration$Hikari.dataSource(DataSourceConfiguration.java:117) ~[spring-boot-autoconfigure-3.3.4.jar:3.3.4]
	at java.base/jdk.internal.reflect.DirectMethodHandleAccessor.invoke(DirectMethodHandleAccessor.java:103) ~[na:na]
	at java.base/java.lang.reflect.Method.invoke(Method.java:580) ~[na:na]
	at org.springframework.beans.factory.support.SimpleInstantiationStrategy.instantiate(SimpleInstantiationStrategy.java:146) ~[spring-beans-6.1.13.jar:6.1.13]
	... 35 common frames omitted

2024-10-14T11:56:24.096+08:00  INFO 7588 --- [main] com.lyc.teamnav.TeamNavApplication       : Starting TeamNavApplication using Java 22.0.1 with PID 7588 (D:\data\code\pujing\teamnav\target\classes started by Administrator in D:\data\code\pujing\teamnav)
2024-10-14T11:56:24.104+08:00  INFO 7588 --- [main] com.lyc.teamnav.TeamNavApplication       : The following 1 profile is active: "local"
2024-10-14T11:56:26.083+08:00  INFO 7588 --- [main] o.hibernate.jpa.internal.util.LogHelper  : HHH000204: Processing PersistenceUnitInfo [name: default]
2024-10-14T11:56:26.228+08:00  INFO 7588 --- [main] org.hibernate.Version                    : HHH000412: Hibernate ORM core version 6.5.3.Final
2024-10-14T11:56:26.280+08:00  INFO 7588 --- [main] o.h.c.internal.RegionFactoryInitiator    : HHH000026: Second-level cache disabled
2024-10-14T11:56:26.998+08:00  INFO 7588 --- [main] com.zaxxer.hikari.HikariDataSource       : HikariPool-1 - Starting...
2024-10-14T11:56:27.466+08:00  INFO 7588 --- [main] com.zaxxer.hikari.pool.HikariPool        : HikariPool-1 - Added connection conn1: url=jdbc:h2:./database/data user=SA
2024-10-14T11:56:27.468+08:00  INFO 7588 --- [main] com.zaxxer.hikari.HikariDataSource       : HikariPool-1 - Start completed.
2024-10-14T11:56:27.535+08:00  WARN 7588 --- [main] org.hibernate.orm.deprecation            : HHH90000025: H2Dialect does not need to be specified explicitly using 'hibernate.dialect' (remove the property setting and it will be selected by default)
2024-10-14T11:56:28.108+08:00  INFO 7588 --- [main] o.h.e.t.j.p.i.JtaPlatformInitiator       : HHH000489: No JTA platform available (set 'hibernate.transaction.jta.platform' to enable JTA platform integration)
2024-10-14T11:56:29.730+08:00  INFO 7588 --- [main] com.zaxxer.hikari.HikariDataSource       : HikariPool-1 - Shutdown initiated...
2024-10-14T11:56:29.767+08:00  INFO 7588 --- [main] com.zaxxer.hikari.HikariDataSource       : HikariPool-1 - Shutdown completed.
2024-10-14T11:56:29.802+08:00 ERROR 7588 --- [main] o.s.b.d.LoggingFailureAnalysisReporter   : 

***************************
APPLICATION FAILED TO START
***************************

Description:

Web server failed to start. Port 8080 was already in use.

Action:

Identify and stop the process that's listening on port 8080 or configure this application to listen on another port.

2024-10-14T12:03:16.684+08:00  INFO 16952 --- [main] com.lyc.teamnav.TeamNavApplication       : Starting TeamNavApplication using Java 22.0.1 with PID 16952 (D:\data\code\pujing\teamnav\target\classes started by Administrator in D:\data\code\pujing\teamnav)
2024-10-14T12:03:16.770+08:00  INFO 16952 --- [main] com.lyc.teamnav.TeamNavApplication       : The following 1 profile is active: "local"
2024-10-14T12:03:28.119+08:00  INFO 16952 --- [main] o.hibernate.jpa.internal.util.LogHelper  : HHH000204: Processing PersistenceUnitInfo [name: default]
2024-10-14T12:03:28.634+08:00  INFO 16952 --- [main] org.hibernate.Version                    : HHH000412: Hibernate ORM core version 6.5.3.Final
2024-10-14T12:03:28.706+08:00  INFO 16952 --- [main] o.h.c.internal.RegionFactoryInitiator    : HHH000026: Second-level cache disabled
2024-10-14T12:03:30.520+08:00  INFO 16952 --- [main] com.zaxxer.hikari.HikariDataSource       : HikariPool-1 - Starting...
2024-10-14T12:03:31.843+08:00  INFO 16952 --- [main] com.zaxxer.hikari.pool.HikariPool        : HikariPool-1 - Added connection conn1: url=jdbc:h2:./database/data user=SA
2024-10-14T12:03:31.848+08:00  INFO 16952 --- [main] com.zaxxer.hikari.HikariDataSource       : HikariPool-1 - Start completed.
2024-10-14T12:03:32.014+08:00  WARN 16952 --- [main] org.hibernate.orm.deprecation            : HHH90000025: H2Dialect does not need to be specified explicitly using 'hibernate.dialect' (remove the property setting and it will be selected by default)
2024-10-14T12:03:33.506+08:00  INFO 16952 --- [main] o.h.e.t.j.p.i.JtaPlatformInitiator       : HHH000489: No JTA platform available (set 'hibernate.transaction.jta.platform' to enable JTA platform integration)
2024-10-14T12:03:36.910+08:00  INFO 16952 --- [main] com.lyc.teamnav.TeamNavApplication       : Started TeamNavApplication in 24.562 seconds (process running for 26.36)
2024-10-14T16:45:29.492+08:00  INFO 2288 --- [main] com.lyc.teamnav.TeamNavApplication       : Starting TeamNavApplication using Java 22.0.1 with PID 2288 (D:\data\code\pujing\teamnav\target\classes started by Administrator in D:\data\code\pujing\teamnav)
2024-10-14T16:45:29.500+08:00  INFO 2288 --- [main] com.lyc.teamnav.TeamNavApplication       : The following 1 profile is active: "local"
2024-10-14T16:45:34.243+08:00  INFO 2288 --- [main] o.hibernate.jpa.internal.util.LogHelper  : HHH000204: Processing PersistenceUnitInfo [name: default]
2024-10-14T16:45:34.400+08:00  INFO 2288 --- [main] org.hibernate.Version                    : HHH000412: Hibernate ORM core version 6.5.3.Final
2024-10-14T16:45:34.495+08:00  INFO 2288 --- [main] o.h.c.internal.RegionFactoryInitiator    : HHH000026: Second-level cache disabled
2024-10-14T16:45:35.408+08:00  INFO 2288 --- [main] com.zaxxer.hikari.HikariDataSource       : HikariPool-1 - Starting...
2024-10-14T16:45:36.198+08:00  INFO 2288 --- [main] com.zaxxer.hikari.pool.HikariPool        : HikariPool-1 - Added connection conn1: url=jdbc:h2:./database/data user=SA
2024-10-14T16:45:36.202+08:00  INFO 2288 --- [main] com.zaxxer.hikari.HikariDataSource       : HikariPool-1 - Start completed.
2024-10-14T16:45:36.710+08:00  WARN 2288 --- [main] org.hibernate.orm.deprecation            : HHH90000025: H2Dialect does not need to be specified explicitly using 'hibernate.dialect' (remove the property setting and it will be selected by default)
2024-10-14T16:45:40.648+08:00  INFO 2288 --- [main] o.h.e.t.j.p.i.JtaPlatformInitiator       : HHH000489: No JTA platform available (set 'hibernate.transaction.jta.platform' to enable JTA platform integration)
2024-10-14T16:45:42.984+08:00  INFO 2288 --- [main] com.lyc.teamnav.TeamNavApplication       : Started TeamNavApplication in 15.92 seconds (process running for 23.439)
2024-10-14T17:12:11.507+08:00  INFO 2288 --- [SpringApplicationShutdownHook] com.zaxxer.hikari.HikariDataSource       : HikariPool-1 - Shutdown initiated...
2024-10-14T17:12:11.509+08:00  INFO 2288 --- [SpringApplicationShutdownHook] com.zaxxer.hikari.HikariDataSource       : HikariPool-1 - Shutdown completed.
2024-10-14T17:12:21.797+08:00  INFO 1620 --- [main] com.lyc.teamnav.TeamNavApplication       : Starting TeamNavApplication using Java 22.0.1 with PID 1620 (D:\data\code\pujing\teamnav\target\classes started by Administrator in D:\data\code\pujing\teamnav)
2024-10-14T17:12:21.799+08:00  INFO 1620 --- [main] com.lyc.teamnav.TeamNavApplication       : The following 1 profile is active: "local"
2024-10-14T17:12:24.390+08:00  INFO 1620 --- [main] o.hibernate.jpa.internal.util.LogHelper  : HHH000204: Processing PersistenceUnitInfo [name: default]
2024-10-14T17:12:24.498+08:00  INFO 1620 --- [main] org.hibernate.Version                    : HHH000412: Hibernate ORM core version 6.5.3.Final
2024-10-14T17:12:24.555+08:00  INFO 1620 --- [main] o.h.c.internal.RegionFactoryInitiator    : HHH000026: Second-level cache disabled
2024-10-14T17:12:25.263+08:00  INFO 1620 --- [main] com.zaxxer.hikari.HikariDataSource       : HikariPool-1 - Starting...
2024-10-14T17:12:25.873+08:00  INFO 1620 --- [main] com.zaxxer.hikari.pool.HikariPool        : HikariPool-1 - Added connection conn1: url=jdbc:h2:./database/data user=SA
2024-10-14T17:12:25.875+08:00  INFO 1620 --- [main] com.zaxxer.hikari.HikariDataSource       : HikariPool-1 - Start completed.
2024-10-14T17:12:25.910+08:00  WARN 1620 --- [main] org.hibernate.orm.deprecation            : HHH90000025: H2Dialect does not need to be specified explicitly using 'hibernate.dialect' (remove the property setting and it will be selected by default)
2024-10-14T17:12:27.349+08:00  INFO 1620 --- [main] o.h.e.t.j.p.i.JtaPlatformInitiator       : HHH000489: No JTA platform available (set 'hibernate.transaction.jta.platform' to enable JTA platform integration)
2024-10-14T17:12:28.626+08:00  INFO 1620 --- [main] com.lyc.teamnav.TeamNavApplication       : Started TeamNavApplication in 7.729 seconds (process running for 9.131)
2024-10-14T17:13:55.168+08:00  INFO 1620 --- [SpringApplicationShutdownHook] com.zaxxer.hikari.HikariDataSource       : HikariPool-1 - Shutdown initiated...
2024-10-14T17:13:55.171+08:00  INFO 1620 --- [SpringApplicationShutdownHook] com.zaxxer.hikari.HikariDataSource       : HikariPool-1 - Shutdown completed.
2024-10-14T17:16:29.949+08:00  INFO 10272 --- [main] com.lyc.teamnav.TeamNavApplication       : Starting TeamNavApplication using Java 22.0.1 with PID 10272 (D:\data\code\pujing\teamnav\target\classes started by Administrator in D:\data\code\pujing\teamnav)
2024-10-14T17:16:29.952+08:00  INFO 10272 --- [main] com.lyc.teamnav.TeamNavApplication       : The following 1 profile is active: "local"
2024-10-14T17:16:32.079+08:00  INFO 10272 --- [main] o.hibernate.jpa.internal.util.LogHelper  : HHH000204: Processing PersistenceUnitInfo [name: default]
2024-10-14T17:16:32.134+08:00  INFO 10272 --- [main] org.hibernate.Version                    : HHH000412: Hibernate ORM core version 6.5.3.Final
2024-10-14T17:16:32.170+08:00  INFO 10272 --- [main] o.h.c.internal.RegionFactoryInitiator    : HHH000026: Second-level cache disabled
2024-10-14T17:16:32.596+08:00  INFO 10272 --- [main] com.zaxxer.hikari.HikariDataSource       : HikariPool-1 - Starting...
2024-10-14T17:16:32.942+08:00  INFO 10272 --- [main] com.zaxxer.hikari.pool.HikariPool        : HikariPool-1 - Added connection conn1: url=jdbc:h2:./database/data user=SA
2024-10-14T17:16:32.945+08:00  INFO 10272 --- [main] com.zaxxer.hikari.HikariDataSource       : HikariPool-1 - Start completed.
2024-10-14T17:16:32.973+08:00  WARN 10272 --- [main] org.hibernate.orm.deprecation            : HHH90000025: H2Dialect does not need to be specified explicitly using 'hibernate.dialect' (remove the property setting and it will be selected by default)
2024-10-14T17:16:34.083+08:00  INFO 10272 --- [main] o.h.e.t.j.p.i.JtaPlatformInitiator       : HHH000489: No JTA platform available (set 'hibernate.transaction.jta.platform' to enable JTA platform integration)
2024-10-14T17:16:35.242+08:00  INFO 10272 --- [main] com.lyc.teamnav.TeamNavApplication       : Started TeamNavApplication in 5.995 seconds (process running for 6.897)
2024-10-14T17:21:36.081+08:00  INFO 10272 --- [SpringApplicationShutdownHook] com.zaxxer.hikari.HikariDataSource       : HikariPool-1 - Shutdown initiated...
2024-10-14T17:21:36.083+08:00  INFO 10272 --- [SpringApplicationShutdownHook] com.zaxxer.hikari.HikariDataSource       : HikariPool-1 - Shutdown completed.
2024-10-14T17:21:46.958+08:00  INFO 11624 --- [main] com.lyc.teamnav.TeamNavApplication       : Starting TeamNavApplication using Java 22.0.1 with PID 11624 (D:\data\code\pujing\teamnav\target\classes started by Administrator in D:\data\code\pujing\teamnav)
2024-10-14T17:21:46.963+08:00  INFO 11624 --- [main] com.lyc.teamnav.TeamNavApplication       : The following 1 profile is active: "local"
2024-10-14T17:21:48.836+08:00  INFO 11624 --- [main] o.hibernate.jpa.internal.util.LogHelper  : HHH000204: Processing PersistenceUnitInfo [name: default]
2024-10-14T17:21:48.895+08:00  INFO 11624 --- [main] org.hibernate.Version                    : HHH000412: Hibernate ORM core version 6.5.3.Final
2024-10-14T17:21:48.948+08:00  INFO 11624 --- [main] o.h.c.internal.RegionFactoryInitiator    : HHH000026: Second-level cache disabled
2024-10-14T17:21:49.439+08:00  INFO 11624 --- [main] com.zaxxer.hikari.HikariDataSource       : HikariPool-1 - Starting...
2024-10-14T17:21:49.759+08:00  INFO 11624 --- [main] com.zaxxer.hikari.pool.HikariPool        : HikariPool-1 - Added connection conn1: url=jdbc:h2:./database/data user=SA
2024-10-14T17:21:49.761+08:00  INFO 11624 --- [main] com.zaxxer.hikari.HikariDataSource       : HikariPool-1 - Start completed.
2024-10-14T17:21:49.785+08:00  WARN 11624 --- [main] org.hibernate.orm.deprecation            : HHH90000025: H2Dialect does not need to be specified explicitly using 'hibernate.dialect' (remove the property setting and it will be selected by default)
2024-10-14T17:21:50.858+08:00  INFO 11624 --- [main] o.h.e.t.j.p.i.JtaPlatformInitiator       : HHH000489: No JTA platform available (set 'hibernate.transaction.jta.platform' to enable JTA platform integration)
2024-10-14T17:21:51.911+08:00  INFO 11624 --- [main] com.lyc.teamnav.TeamNavApplication       : Started TeamNavApplication in 6.641 seconds (process running for 8.097)
2024-10-14T17:29:17.180+08:00  INFO 11624 --- [SpringApplicationShutdownHook] com.zaxxer.hikari.HikariDataSource       : HikariPool-1 - Shutdown initiated...
2024-10-14T17:29:17.186+08:00  INFO 11624 --- [SpringApplicationShutdownHook] com.zaxxer.hikari.HikariDataSource       : HikariPool-1 - Shutdown completed.
2024-10-14T17:29:34.174+08:00  INFO 8088 --- [main] com.lyc.teamnav.TeamNavApplication       : Starting TeamNavApplication using Java 22.0.1 with PID 8088 (D:\data\code\pujing\teamnav\target\classes started by Administrator in D:\data\code\pujing\teamnav)
2024-10-14T17:29:34.174+08:00  INFO 8088 --- [main] com.lyc.teamnav.TeamNavApplication       : The following 1 profile is active: "local"
2024-10-14T17:29:36.849+08:00  INFO 8088 --- [main] o.hibernate.jpa.internal.util.LogHelper  : HHH000204: Processing PersistenceUnitInfo [name: default]
2024-10-14T17:29:36.991+08:00  INFO 8088 --- [main] org.hibernate.Version                    : HHH000412: Hibernate ORM core version 6.5.3.Final
2024-10-14T17:29:37.058+08:00  INFO 8088 --- [main] o.h.c.internal.RegionFactoryInitiator    : HHH000026: Second-level cache disabled
2024-10-14T17:29:37.857+08:00  INFO 8088 --- [main] com.zaxxer.hikari.HikariDataSource       : HikariPool-1 - Starting...
2024-10-14T17:29:38.369+08:00  INFO 8088 --- [main] com.zaxxer.hikari.pool.HikariPool        : HikariPool-1 - Added connection conn1: url=jdbc:h2:./database/data user=SA
2024-10-14T17:29:38.374+08:00  INFO 8088 --- [main] com.zaxxer.hikari.HikariDataSource       : HikariPool-1 - Start completed.
2024-10-14T17:29:38.466+08:00  WARN 8088 --- [main] org.hibernate.orm.deprecation            : HHH90000025: H2Dialect does not need to be specified explicitly using 'hibernate.dialect' (remove the property setting and it will be selected by default)
2024-10-14T17:29:39.953+08:00  INFO 8088 --- [main] o.h.e.t.j.p.i.JtaPlatformInitiator       : HHH000489: No JTA platform available (set 'hibernate.transaction.jta.platform' to enable JTA platform integration)
2024-10-14T17:29:41.274+08:00  INFO 8088 --- [main] com.lyc.teamnav.TeamNavApplication       : Started TeamNavApplication in 7.835 seconds (process running for 9.396)
2024-10-14T17:36:47.145+08:00  INFO 8088 --- [SpringApplicationShutdownHook] com.zaxxer.hikari.HikariDataSource       : HikariPool-1 - Shutdown initiated...
2024-10-14T17:36:47.148+08:00  INFO 8088 --- [SpringApplicationShutdownHook] com.zaxxer.hikari.HikariDataSource       : HikariPool-1 - Shutdown completed.
2024-10-14T17:36:55.801+08:00  INFO 10320 --- [main] com.lyc.teamnav.TeamNavApplication       : Starting TeamNavApplication using Java 22.0.1 with PID 10320 (D:\data\code\pujing\teamnav\target\classes started by Administrator in D:\data\code\pujing\teamnav)
2024-10-14T17:36:55.811+08:00  INFO 10320 --- [main] com.lyc.teamnav.TeamNavApplication       : The following 1 profile is active: "local"
2024-10-14T17:36:58.016+08:00  INFO 10320 --- [main] o.hibernate.jpa.internal.util.LogHelper  : HHH000204: Processing PersistenceUnitInfo [name: default]
2024-10-14T17:36:58.086+08:00  INFO 10320 --- [main] org.hibernate.Version                    : HHH000412: Hibernate ORM core version 6.5.3.Final
2024-10-14T17:36:58.131+08:00  INFO 10320 --- [main] o.h.c.internal.RegionFactoryInitiator    : HHH000026: Second-level cache disabled
2024-10-14T17:36:58.576+08:00  INFO 10320 --- [main] com.zaxxer.hikari.HikariDataSource       : HikariPool-1 - Starting...
2024-10-14T17:36:58.935+08:00  INFO 10320 --- [main] com.zaxxer.hikari.pool.HikariPool        : HikariPool-1 - Added connection conn1: url=jdbc:h2:./database/data user=SA
2024-10-14T17:36:58.938+08:00  INFO 10320 --- [main] com.zaxxer.hikari.HikariDataSource       : HikariPool-1 - Start completed.
2024-10-14T17:36:58.970+08:00  WARN 10320 --- [main] org.hibernate.orm.deprecation            : HHH90000025: H2Dialect does not need to be specified explicitly using 'hibernate.dialect' (remove the property setting and it will be selected by default)
2024-10-14T17:37:00.261+08:00  INFO 10320 --- [main] o.h.e.t.j.p.i.JtaPlatformInitiator       : HHH000489: No JTA platform available (set 'hibernate.transaction.jta.platform' to enable JTA platform integration)
2024-10-14T17:37:01.414+08:00  INFO 10320 --- [main] com.lyc.teamnav.TeamNavApplication       : Started TeamNavApplication in 6.25 seconds (process running for 7.096)
2024-10-14T17:38:31.933+08:00  INFO 10320 --- [SpringApplicationShutdownHook] com.zaxxer.hikari.HikariDataSource       : HikariPool-1 - Shutdown initiated...
2024-10-14T17:38:31.937+08:00  INFO 10320 --- [SpringApplicationShutdownHook] com.zaxxer.hikari.HikariDataSource       : HikariPool-1 - Shutdown completed.
2024-10-14T17:38:38.961+08:00  INFO 8836 --- [main] com.lyc.teamnav.TeamNavApplication       : Starting TeamNavApplication using Java 22.0.1 with PID 8836 (D:\data\code\pujing\teamnav\target\classes started by Administrator in D:\data\code\pujing\teamnav)
2024-10-14T17:38:38.969+08:00  INFO 8836 --- [main] com.lyc.teamnav.TeamNavApplication       : The following 1 profile is active: "local"
2024-10-14T17:38:40.824+08:00  INFO 8836 --- [main] o.hibernate.jpa.internal.util.LogHelper  : HHH000204: Processing PersistenceUnitInfo [name: default]
2024-10-14T17:38:40.897+08:00  INFO 8836 --- [main] org.hibernate.Version                    : HHH000412: Hibernate ORM core version 6.5.3.Final
2024-10-14T17:38:40.933+08:00  INFO 8836 --- [main] o.h.c.internal.RegionFactoryInitiator    : HHH000026: Second-level cache disabled
2024-10-14T17:38:41.349+08:00  INFO 8836 --- [main] com.zaxxer.hikari.HikariDataSource       : HikariPool-1 - Starting...
2024-10-14T17:38:41.672+08:00  INFO 8836 --- [main] com.zaxxer.hikari.pool.HikariPool        : HikariPool-1 - Added connection conn1: url=jdbc:h2:./database/data user=SA
2024-10-14T17:38:41.675+08:00  INFO 8836 --- [main] com.zaxxer.hikari.HikariDataSource       : HikariPool-1 - Start completed.
2024-10-14T17:38:41.702+08:00  WARN 8836 --- [main] org.hibernate.orm.deprecation            : HHH90000025: H2Dialect does not need to be specified explicitly using 'hibernate.dialect' (remove the property setting and it will be selected by default)
2024-10-14T17:38:42.760+08:00  INFO 8836 --- [main] o.h.e.t.j.p.i.JtaPlatformInitiator       : HHH000489: No JTA platform available (set 'hibernate.transaction.jta.platform' to enable JTA platform integration)
2024-10-14T17:38:43.865+08:00  INFO 8836 --- [main] com.lyc.teamnav.TeamNavApplication       : Started TeamNavApplication in 5.507 seconds (process running for 6.358)
2024-10-14T17:40:00.891+08:00  INFO 8836 --- [SpringApplicationShutdownHook] com.zaxxer.hikari.HikariDataSource       : HikariPool-1 - Shutdown initiated...
2024-10-14T17:40:00.893+08:00  INFO 8836 --- [SpringApplicationShutdownHook] com.zaxxer.hikari.HikariDataSource       : HikariPool-1 - Shutdown completed.
2024-10-14T17:40:09.598+08:00  INFO 11576 --- [main] com.lyc.teamnav.TeamNavApplication       : Starting TeamNavApplication using Java 22.0.1 with PID 11576 (D:\data\code\pujing\teamnav\target\classes started by Administrator in D:\data\code\pujing\teamnav)
2024-10-14T17:40:09.600+08:00  INFO 11576 --- [main] com.lyc.teamnav.TeamNavApplication       : The following 1 profile is active: "local"
2024-10-14T17:40:11.696+08:00  INFO 11576 --- [main] o.hibernate.jpa.internal.util.LogHelper  : HHH000204: Processing PersistenceUnitInfo [name: default]
2024-10-14T17:40:11.763+08:00  INFO 11576 --- [main] org.hibernate.Version                    : HHH000412: Hibernate ORM core version 6.5.3.Final
2024-10-14T17:40:11.814+08:00  INFO 11576 --- [main] o.h.c.internal.RegionFactoryInitiator    : HHH000026: Second-level cache disabled
2024-10-14T17:40:12.227+08:00  INFO 11576 --- [main] com.zaxxer.hikari.HikariDataSource       : HikariPool-1 - Starting...
2024-10-14T17:40:12.573+08:00  INFO 11576 --- [main] com.zaxxer.hikari.pool.HikariPool        : HikariPool-1 - Added connection conn1: url=jdbc:h2:./database/data user=SA
2024-10-14T17:40:12.577+08:00  INFO 11576 --- [main] com.zaxxer.hikari.HikariDataSource       : HikariPool-1 - Start completed.
2024-10-14T17:40:12.612+08:00  WARN 11576 --- [main] org.hibernate.orm.deprecation            : HHH90000025: H2Dialect does not need to be specified explicitly using 'hibernate.dialect' (remove the property setting and it will be selected by default)
2024-10-14T17:40:13.673+08:00  INFO 11576 --- [main] o.h.e.t.j.p.i.JtaPlatformInitiator       : HHH000489: No JTA platform available (set 'hibernate.transaction.jta.platform' to enable JTA platform integration)
2024-10-14T17:40:14.916+08:00  INFO 11576 --- [main] com.lyc.teamnav.TeamNavApplication       : Started TeamNavApplication in 6.085 seconds (process running for 7.035)
2024-10-14T17:41:40.327+08:00  INFO 11576 --- [SpringApplicationShutdownHook] com.zaxxer.hikari.HikariDataSource       : HikariPool-1 - Shutdown initiated...
2024-10-14T17:41:40.329+08:00  INFO 11576 --- [SpringApplicationShutdownHook] com.zaxxer.hikari.HikariDataSource       : HikariPool-1 - Shutdown completed.
2024-10-14T17:41:45.983+08:00  INFO 2904 --- [main] com.lyc.teamnav.TeamNavApplication       : Starting TeamNavApplication using Java 22.0.1 with PID 2904 (D:\data\code\pujing\teamnav\target\classes started by Administrator in D:\data\code\pujing\teamnav)
2024-10-14T17:41:45.986+08:00  INFO 2904 --- [main] com.lyc.teamnav.TeamNavApplication       : The following 1 profile is active: "local"
2024-10-14T17:41:47.920+08:00  INFO 2904 --- [main] o.hibernate.jpa.internal.util.LogHelper  : HHH000204: Processing PersistenceUnitInfo [name: default]
2024-10-14T17:41:47.980+08:00  INFO 2904 --- [main] org.hibernate.Version                    : HHH000412: Hibernate ORM core version 6.5.3.Final
2024-10-14T17:41:48.014+08:00  INFO 2904 --- [main] o.h.c.internal.RegionFactoryInitiator    : HHH000026: Second-level cache disabled
2024-10-14T17:41:48.434+08:00  INFO 2904 --- [main] com.zaxxer.hikari.HikariDataSource       : HikariPool-1 - Starting...
2024-10-14T17:41:48.851+08:00  INFO 2904 --- [main] com.zaxxer.hikari.pool.HikariPool        : HikariPool-1 - Added connection conn1: url=jdbc:h2:./database/data user=SA
2024-10-14T17:41:48.853+08:00  INFO 2904 --- [main] com.zaxxer.hikari.HikariDataSource       : HikariPool-1 - Start completed.
2024-10-14T17:41:48.880+08:00  WARN 2904 --- [main] org.hibernate.orm.deprecation            : HHH90000025: H2Dialect does not need to be specified explicitly using 'hibernate.dialect' (remove the property setting and it will be selected by default)
2024-10-14T17:41:49.995+08:00  INFO 2904 --- [main] o.h.e.t.j.p.i.JtaPlatformInitiator       : HHH000489: No JTA platform available (set 'hibernate.transaction.jta.platform' to enable JTA platform integration)
2024-10-14T17:41:51.180+08:00  INFO 2904 --- [main] com.lyc.teamnav.TeamNavApplication       : Started TeamNavApplication in 5.85 seconds (process running for 6.839)
2024-10-14T17:43:32.819+08:00  INFO 2904 --- [SpringApplicationShutdownHook] com.zaxxer.hikari.HikariDataSource       : HikariPool-1 - Shutdown initiated...
2024-10-14T17:43:32.827+08:00  INFO 2904 --- [SpringApplicationShutdownHook] com.zaxxer.hikari.HikariDataSource       : HikariPool-1 - Shutdown completed.
2024-10-14T17:43:38.096+08:00  INFO 12032 --- [main] com.lyc.teamnav.TeamNavApplication       : Starting TeamNavApplication using Java 22.0.1 with PID 12032 (D:\data\code\pujing\teamnav\target\classes started by Administrator in D:\data\code\pujing\teamnav)
2024-10-14T17:43:38.099+08:00  INFO 12032 --- [main] com.lyc.teamnav.TeamNavApplication       : The following 1 profile is active: "local"
2024-10-14T17:43:40.311+08:00  INFO 12032 --- [main] o.hibernate.jpa.internal.util.LogHelper  : HHH000204: Processing PersistenceUnitInfo [name: default]
2024-10-14T17:43:40.380+08:00  INFO 12032 --- [main] org.hibernate.Version                    : HHH000412: Hibernate ORM core version 6.5.3.Final
2024-10-14T17:43:40.422+08:00  INFO 12032 --- [main] o.h.c.internal.RegionFactoryInitiator    : HHH000026: Second-level cache disabled
2024-10-14T17:43:40.882+08:00  INFO 12032 --- [main] com.zaxxer.hikari.HikariDataSource       : HikariPool-1 - Starting...
2024-10-14T17:43:41.462+08:00  INFO 12032 --- [main] com.zaxxer.hikari.pool.HikariPool        : HikariPool-1 - Added connection conn1: url=jdbc:h2:./database/data user=SA
2024-10-14T17:43:41.466+08:00  INFO 12032 --- [main] com.zaxxer.hikari.HikariDataSource       : HikariPool-1 - Start completed.
2024-10-14T17:43:41.722+08:00  WARN 12032 --- [main] org.hibernate.orm.deprecation            : HHH90000025: H2Dialect does not need to be specified explicitly using 'hibernate.dialect' (remove the property setting and it will be selected by default)
2024-10-14T17:43:44.305+08:00  INFO 12032 --- [main] o.h.e.t.j.p.i.JtaPlatformInitiator       : HHH000489: No JTA platform available (set 'hibernate.transaction.jta.platform' to enable JTA platform integration)
2024-10-14T17:43:45.755+08:00  INFO 12032 --- [main] com.lyc.teamnav.TeamNavApplication       : Started TeamNavApplication in 8.505 seconds (process running for 9.522)
2024-10-14T17:44:52.788+08:00  INFO 12032 --- [SpringApplicationShutdownHook] com.zaxxer.hikari.HikariDataSource       : HikariPool-1 - Shutdown initiated...
2024-10-14T17:44:52.790+08:00  INFO 12032 --- [SpringApplicationShutdownHook] com.zaxxer.hikari.HikariDataSource       : HikariPool-1 - Shutdown completed.
2024-10-14T17:44:57.823+08:00  INFO 6728 --- [main] com.lyc.teamnav.TeamNavApplication       : Starting TeamNavApplication using Java 22.0.1 with PID 6728 (D:\data\code\pujing\teamnav\target\classes started by Administrator in D:\data\code\pujing\teamnav)
2024-10-14T17:44:57.826+08:00  INFO 6728 --- [main] com.lyc.teamnav.TeamNavApplication       : The following 1 profile is active: "local"
2024-10-14T17:44:59.908+08:00  INFO 6728 --- [main] o.hibernate.jpa.internal.util.LogHelper  : HHH000204: Processing PersistenceUnitInfo [name: default]
2024-10-14T17:44:59.965+08:00  INFO 6728 --- [main] org.hibernate.Version                    : HHH000412: Hibernate ORM core version 6.5.3.Final
2024-10-14T17:45:00.000+08:00  INFO 6728 --- [main] o.h.c.internal.RegionFactoryInitiator    : HHH000026: Second-level cache disabled
2024-10-14T17:45:00.423+08:00  INFO 6728 --- [main] com.zaxxer.hikari.HikariDataSource       : HikariPool-1 - Starting...
2024-10-14T17:45:00.769+08:00  INFO 6728 --- [main] com.zaxxer.hikari.pool.HikariPool        : HikariPool-1 - Added connection conn1: url=jdbc:h2:./database/data user=SA
2024-10-14T17:45:00.771+08:00  INFO 6728 --- [main] com.zaxxer.hikari.HikariDataSource       : HikariPool-1 - Start completed.
2024-10-14T17:45:00.798+08:00  WARN 6728 --- [main] org.hibernate.orm.deprecation            : HHH90000025: H2Dialect does not need to be specified explicitly using 'hibernate.dialect' (remove the property setting and it will be selected by default)
2024-10-14T17:45:01.961+08:00  INFO 6728 --- [main] o.h.e.t.j.p.i.JtaPlatformInitiator       : HHH000489: No JTA platform available (set 'hibernate.transaction.jta.platform' to enable JTA platform integration)
2024-10-14T17:45:03.206+08:00  INFO 6728 --- [main] com.lyc.teamnav.TeamNavApplication       : Started TeamNavApplication in 6.178 seconds (process running for 7.073)
2024-10-14T17:54:17.423+08:00  INFO 6728 --- [SpringApplicationShutdownHook] com.zaxxer.hikari.HikariDataSource       : HikariPool-1 - Shutdown initiated...
2024-10-14T17:54:17.425+08:00  INFO 6728 --- [SpringApplicationShutdownHook] com.zaxxer.hikari.HikariDataSource       : HikariPool-1 - Shutdown completed.
2024-10-14T17:54:25.027+08:00  INFO 7908 --- [main] com.lyc.teamnav.TeamNavApplication       : Starting TeamNavApplication using Java 22.0.1 with PID 7908 (D:\data\code\pujing\teamnav\target\classes started by Administrator in D:\data\code\pujing\teamnav)
2024-10-14T17:54:25.030+08:00  INFO 7908 --- [main] com.lyc.teamnav.TeamNavApplication       : The following 1 profile is active: "local"
2024-10-14T17:54:26.931+08:00  INFO 7908 --- [main] o.hibernate.jpa.internal.util.LogHelper  : HHH000204: Processing PersistenceUnitInfo [name: default]
2024-10-14T17:54:26.996+08:00  INFO 7908 --- [main] org.hibernate.Version                    : HHH000412: Hibernate ORM core version 6.5.3.Final
2024-10-14T17:54:27.033+08:00  INFO 7908 --- [main] o.h.c.internal.RegionFactoryInitiator    : HHH000026: Second-level cache disabled
2024-10-14T17:54:27.450+08:00  INFO 7908 --- [main] com.zaxxer.hikari.HikariDataSource       : HikariPool-1 - Starting...
2024-10-14T17:54:27.840+08:00  INFO 7908 --- [main] com.zaxxer.hikari.pool.HikariPool        : HikariPool-1 - Added connection conn1: url=jdbc:h2:./database/data user=SA
2024-10-14T17:54:27.842+08:00  INFO 7908 --- [main] com.zaxxer.hikari.HikariDataSource       : HikariPool-1 - Start completed.
2024-10-14T17:54:27.871+08:00  WARN 7908 --- [main] org.hibernate.orm.deprecation            : HHH90000025: H2Dialect does not need to be specified explicitly using 'hibernate.dialect' (remove the property setting and it will be selected by default)
2024-10-14T17:54:28.912+08:00  INFO 7908 --- [main] o.h.e.t.j.p.i.JtaPlatformInitiator       : HHH000489: No JTA platform available (set 'hibernate.transaction.jta.platform' to enable JTA platform integration)
2024-10-14T17:54:29.979+08:00  INFO 7908 --- [main] com.lyc.teamnav.TeamNavApplication       : Started TeamNavApplication in 5.574 seconds (process running for 6.434)
2024-10-14T17:56:28.716+08:00  INFO 7908 --- [SpringApplicationShutdownHook] com.zaxxer.hikari.HikariDataSource       : HikariPool-1 - Shutdown initiated...
2024-10-14T17:56:28.718+08:00  INFO 7908 --- [SpringApplicationShutdownHook] com.zaxxer.hikari.HikariDataSource       : HikariPool-1 - Shutdown completed.
2024-10-14T17:56:33.814+08:00  INFO 11864 --- [main] com.lyc.teamnav.TeamNavApplication       : Starting TeamNavApplication using Java 22.0.1 with PID 11864 (D:\data\code\pujing\teamnav\target\classes started by Administrator in D:\data\code\pujing\teamnav)
2024-10-14T17:56:33.822+08:00  INFO 11864 --- [main] com.lyc.teamnav.TeamNavApplication       : The following 1 profile is active: "local"
2024-10-14T17:56:35.769+08:00  INFO 11864 --- [main] o.hibernate.jpa.internal.util.LogHelper  : HHH000204: Processing PersistenceUnitInfo [name: default]
2024-10-14T17:56:35.831+08:00  INFO 11864 --- [main] org.hibernate.Version                    : HHH000412: Hibernate ORM core version 6.5.3.Final
2024-10-14T17:56:35.868+08:00  INFO 11864 --- [main] o.h.c.internal.RegionFactoryInitiator    : HHH000026: Second-level cache disabled
2024-10-14T17:56:36.257+08:00  INFO 11864 --- [main] com.zaxxer.hikari.HikariDataSource       : HikariPool-1 - Starting...
2024-10-14T17:56:40.656+08:00  INFO 11864 --- [main] com.zaxxer.hikari.pool.HikariPool        : HikariPool-1 - Added connection conn1: url=jdbc:h2:./database/data user=SA
2024-10-14T17:56:40.659+08:00  INFO 11864 --- [main] com.zaxxer.hikari.HikariDataSource       : HikariPool-1 - Start completed.
2024-10-14T17:56:40.687+08:00  WARN 11864 --- [main] org.hibernate.orm.deprecation            : HHH90000025: H2Dialect does not need to be specified explicitly using 'hibernate.dialect' (remove the property setting and it will be selected by default)
2024-10-14T17:56:41.734+08:00  INFO 11864 --- [main] o.h.e.t.j.p.i.JtaPlatformInitiator       : HHH000489: No JTA platform available (set 'hibernate.transaction.jta.platform' to enable JTA platform integration)
2024-10-14T17:56:42.880+08:00  INFO 11864 --- [main] com.lyc.teamnav.TeamNavApplication       : Started TeamNavApplication in 9.723 seconds (process running for 10.668)
2024-10-14T17:57:55.836+08:00  INFO 11864 --- [SpringApplicationShutdownHook] com.zaxxer.hikari.HikariDataSource       : HikariPool-1 - Shutdown initiated...
2024-10-14T17:57:55.839+08:00  INFO 11864 --- [SpringApplicationShutdownHook] com.zaxxer.hikari.HikariDataSource       : HikariPool-1 - Shutdown completed.
2024-10-14T17:58:04.073+08:00  INFO 2120 --- [main] com.lyc.teamnav.TeamNavApplication       : Starting TeamNavApplication using Java 22.0.1 with PID 2120 (D:\data\code\pujing\teamnav\target\classes started by Administrator in D:\data\code\pujing\teamnav)
2024-10-14T17:58:04.082+08:00  INFO 2120 --- [main] com.lyc.teamnav.TeamNavApplication       : The following 1 profile is active: "local"
2024-10-14T17:58:06.028+08:00  INFO 2120 --- [main] o.hibernate.jpa.internal.util.LogHelper  : HHH000204: Processing PersistenceUnitInfo [name: default]
2024-10-14T17:58:06.088+08:00  INFO 2120 --- [main] org.hibernate.Version                    : HHH000412: Hibernate ORM core version 6.5.3.Final
2024-10-14T17:58:06.130+08:00  INFO 2120 --- [main] o.h.c.internal.RegionFactoryInitiator    : HHH000026: Second-level cache disabled
2024-10-14T17:58:06.551+08:00  INFO 2120 --- [main] com.zaxxer.hikari.HikariDataSource       : HikariPool-1 - Starting...
2024-10-14T17:58:06.946+08:00  INFO 2120 --- [main] com.zaxxer.hikari.pool.HikariPool        : HikariPool-1 - Added connection conn1: url=jdbc:h2:./database/data user=SA
2024-10-14T17:58:06.948+08:00  INFO 2120 --- [main] com.zaxxer.hikari.HikariDataSource       : HikariPool-1 - Start completed.
2024-10-14T17:58:06.982+08:00  WARN 2120 --- [main] org.hibernate.orm.deprecation            : HHH90000025: H2Dialect does not need to be specified explicitly using 'hibernate.dialect' (remove the property setting and it will be selected by default)
2024-10-14T17:58:08.082+08:00  INFO 2120 --- [main] o.h.e.t.j.p.i.JtaPlatformInitiator       : HHH000489: No JTA platform available (set 'hibernate.transaction.jta.platform' to enable JTA platform integration)
2024-10-14T17:58:09.218+08:00  INFO 2120 --- [main] com.lyc.teamnav.TeamNavApplication       : Started TeamNavApplication in 5.802 seconds (process running for 6.684)
2024-10-14T17:59:16.611+08:00  INFO 2120 --- [SpringApplicationShutdownHook] com.zaxxer.hikari.HikariDataSource       : HikariPool-1 - Shutdown initiated...
2024-10-14T17:59:16.614+08:00  INFO 2120 --- [SpringApplicationShutdownHook] com.zaxxer.hikari.HikariDataSource       : HikariPool-1 - Shutdown completed.
2024-10-14T17:59:30.433+08:00  INFO 12572 --- [main] com.lyc.teamnav.TeamNavApplication       : Starting TeamNavApplication using Java 22.0.1 with PID 12572 (D:\data\code\pujing\teamnav\target\classes started by Administrator in D:\data\code\pujing\teamnav)
2024-10-14T17:59:30.435+08:00  INFO 12572 --- [main] com.lyc.teamnav.TeamNavApplication       : The following 1 profile is active: "local"
2024-10-14T17:59:32.406+08:00  INFO 12572 --- [main] o.hibernate.jpa.internal.util.LogHelper  : HHH000204: Processing PersistenceUnitInfo [name: default]
2024-10-14T17:59:32.466+08:00  INFO 12572 --- [main] org.hibernate.Version                    : HHH000412: Hibernate ORM core version 6.5.3.Final
2024-10-14T17:59:32.505+08:00  INFO 12572 --- [main] o.h.c.internal.RegionFactoryInitiator    : HHH000026: Second-level cache disabled
2024-10-14T17:59:32.997+08:00  INFO 12572 --- [main] com.zaxxer.hikari.HikariDataSource       : HikariPool-1 - Starting...
2024-10-14T17:59:33.381+08:00  INFO 12572 --- [main] com.zaxxer.hikari.pool.HikariPool        : HikariPool-1 - Added connection conn1: url=jdbc:h2:./database/data user=SA
2024-10-14T17:59:33.384+08:00  INFO 12572 --- [main] com.zaxxer.hikari.HikariDataSource       : HikariPool-1 - Start completed.
2024-10-14T17:59:33.411+08:00  WARN 12572 --- [main] org.hibernate.orm.deprecation            : HHH90000025: H2Dialect does not need to be specified explicitly using 'hibernate.dialect' (remove the property setting and it will be selected by default)
2024-10-14T17:59:34.581+08:00  INFO 12572 --- [main] o.h.e.t.j.p.i.JtaPlatformInitiator       : HHH000489: No JTA platform available (set 'hibernate.transaction.jta.platform' to enable JTA platform integration)
2024-10-14T17:59:35.548+08:00  INFO 12572 --- [main] com.lyc.teamnav.TeamNavApplication       : Started TeamNavApplication in 5.798 seconds (process running for 8.181)
2024-10-14T18:00:23.896+08:00  INFO 12572 --- [SpringApplicationShutdownHook] com.zaxxer.hikari.HikariDataSource       : HikariPool-1 - Shutdown initiated...
2024-10-14T18:00:23.896+08:00  INFO 12572 --- [SpringApplicationShutdownHook] com.zaxxer.hikari.HikariDataSource       : HikariPool-1 - Shutdown completed.
2024-10-14T18:00:31.982+08:00  INFO 6524 --- [main] com.lyc.teamnav.TeamNavApplication       : Starting TeamNavApplication using Java 22.0.1 with PID 6524 (D:\data\code\pujing\teamnav\target\classes started by Administrator in D:\data\code\pujing\teamnav)
2024-10-14T18:00:31.985+08:00  INFO 6524 --- [main] com.lyc.teamnav.TeamNavApplication       : The following 1 profile is active: "local"
2024-10-14T18:00:34.992+08:00  INFO 6524 --- [main] o.hibernate.jpa.internal.util.LogHelper  : HHH000204: Processing PersistenceUnitInfo [name: default]
2024-10-14T18:00:35.047+08:00  INFO 6524 --- [main] org.hibernate.Version                    : HHH000412: Hibernate ORM core version 6.5.3.Final
2024-10-14T18:00:35.082+08:00  INFO 6524 --- [main] o.h.c.internal.RegionFactoryInitiator    : HHH000026: Second-level cache disabled
2024-10-14T18:00:35.527+08:00  INFO 6524 --- [main] com.zaxxer.hikari.HikariDataSource       : HikariPool-1 - Starting...
2024-10-14T18:00:35.917+08:00  INFO 6524 --- [main] com.zaxxer.hikari.pool.HikariPool        : HikariPool-1 - Added connection conn1: url=jdbc:h2:./database/data user=SA
2024-10-14T18:00:35.919+08:00  INFO 6524 --- [main] com.zaxxer.hikari.HikariDataSource       : HikariPool-1 - Start completed.
2024-10-14T18:00:35.953+08:00  WARN 6524 --- [main] org.hibernate.orm.deprecation            : HHH90000025: H2Dialect does not need to be specified explicitly using 'hibernate.dialect' (remove the property setting and it will be selected by default)
2024-10-14T18:00:37.067+08:00  INFO 6524 --- [main] o.h.e.t.j.p.i.JtaPlatformInitiator       : HHH000489: No JTA platform available (set 'hibernate.transaction.jta.platform' to enable JTA platform integration)
2024-10-14T18:00:38.057+08:00  INFO 6524 --- [main] com.lyc.teamnav.TeamNavApplication       : Started TeamNavApplication in 6.749 seconds (process running for 7.669)
2024-10-14T18:01:03.337+08:00  INFO 6524 --- [SpringApplicationShutdownHook] com.zaxxer.hikari.HikariDataSource       : HikariPool-1 - Shutdown initiated...
2024-10-14T18:01:03.343+08:00  INFO 6524 --- [SpringApplicationShutdownHook] com.zaxxer.hikari.HikariDataSource       : HikariPool-1 - Shutdown completed.
2024-10-14T18:02:59.006+08:00  INFO 7888 --- [main] com.lyc.teamnav.TeamNavApplication       : Starting TeamNavApplication using Java 22.0.1 with PID 7888 (D:\data\code\pujing\teamnav\target\classes started by Administrator in D:\data\code\pujing\teamnav)
2024-10-14T18:02:59.011+08:00  INFO 7888 --- [main] com.lyc.teamnav.TeamNavApplication       : The following 1 profile is active: "local"
2024-10-14T18:03:01.021+08:00  INFO 7888 --- [main] o.hibernate.jpa.internal.util.LogHelper  : HHH000204: Processing PersistenceUnitInfo [name: default]
2024-10-14T18:03:01.093+08:00  INFO 7888 --- [main] org.hibernate.Version                    : HHH000412: Hibernate ORM core version 6.5.3.Final
2024-10-14T18:03:01.132+08:00  INFO 7888 --- [main] o.h.c.internal.RegionFactoryInitiator    : HHH000026: Second-level cache disabled
2024-10-14T18:03:01.517+08:00  INFO 7888 --- [main] com.zaxxer.hikari.HikariDataSource       : HikariPool-1 - Starting...
2024-10-14T18:03:01.855+08:00  INFO 7888 --- [main] com.zaxxer.hikari.pool.HikariPool        : HikariPool-1 - Added connection conn1: url=jdbc:h2:./database/data user=SA
2024-10-14T18:03:01.858+08:00  INFO 7888 --- [main] com.zaxxer.hikari.HikariDataSource       : HikariPool-1 - Start completed.
2024-10-14T18:03:01.888+08:00  WARN 7888 --- [main] org.hibernate.orm.deprecation            : HHH90000025: H2Dialect does not need to be specified explicitly using 'hibernate.dialect' (remove the property setting and it will be selected by default)
2024-10-14T18:03:02.979+08:00  INFO 7888 --- [main] o.h.e.t.j.p.i.JtaPlatformInitiator       : HHH000489: No JTA platform available (set 'hibernate.transaction.jta.platform' to enable JTA platform integration)
2024-10-14T18:03:03.036+08:00  WARN 7888 --- [main] o.h.t.s.i.ExceptionHandlerLoggedImpl     : GenerationTarget encountered exception accepting command : Error executing DDL "create table user (id varchar(32) not null, avatar varchar(200), nickname varchar(100), password varchar(100), username varchar(100), primary key (id))" via JDBC [Syntax error in SQL statement "create table [*]user (id varchar(32) not null, avatar varchar(200), nickname varchar(100), password varchar(100), username varchar(100), primary key (id))"; expected "identifier";]

org.hibernate.tool.schema.spi.CommandAcceptanceException: Error executing DDL "create table user (id varchar(32) not null, avatar varchar(200), nickname varchar(100), password varchar(100), username varchar(100), primary key (id))" via JDBC [Syntax error in SQL statement "create table [*]user (id varchar(32) not null, avatar varchar(200), nickname varchar(100), password varchar(100), username varchar(100), primary key (id))"; expected "identifier";]
	at org.hibernate.tool.schema.internal.exec.GenerationTargetToDatabase.accept(GenerationTargetToDatabase.java:94) ~[hibernate-core-6.5.3.Final.jar:6.5.3.Final]
	at org.hibernate.tool.schema.internal.AbstractSchemaMigrator.applySqlString(AbstractSchemaMigrator.java:583) ~[hibernate-core-6.5.3.Final.jar:6.5.3.Final]
	at org.hibernate.tool.schema.internal.AbstractSchemaMigrator.applySqlStrings(AbstractSchemaMigrator.java:523) ~[hibernate-core-6.5.3.Final.jar:6.5.3.Final]
	at org.hibernate.tool.schema.internal.AbstractSchemaMigrator.createTable(AbstractSchemaMigrator.java:323) ~[hibernate-core-6.5.3.Final.jar:6.5.3.Final]
	at org.hibernate.tool.schema.internal.GroupedSchemaMigratorImpl.performTablesMigration(GroupedSchemaMigratorImpl.java:80) ~[hibernate-core-6.5.3.Final.jar:6.5.3.Final]
	at org.hibernate.tool.schema.internal.AbstractSchemaMigrator.performMigration(AbstractSchemaMigrator.java:240) ~[hibernate-core-6.5.3.Final.jar:6.5.3.Final]
	at org.hibernate.tool.schema.internal.AbstractSchemaMigrator.doMigration(AbstractSchemaMigrator.java:119) ~[hibernate-core-6.5.3.Final.jar:6.5.3.Final]
	at org.hibernate.tool.schema.spi.SchemaManagementToolCoordinator.performDatabaseAction(SchemaManagementToolCoordinator.java:280) ~[hibernate-core-6.5.3.Final.jar:6.5.3.Final]
	at org.hibernate.tool.schema.spi.SchemaManagementToolCoordinator.lambda$process$5(SchemaManagementToolCoordinator.java:144) ~[hibernate-core-6.5.3.Final.jar:6.5.3.Final]
	at java.base/java.util.HashMap.forEach(HashMap.java:1429) ~[na:na]
	at org.hibernate.tool.schema.spi.SchemaManagementToolCoordinator.process(SchemaManagementToolCoordinator.java:141) ~[hibernate-core-6.5.3.Final.jar:6.5.3.Final]
	at org.hibernate.boot.internal.SessionFactoryObserverForSchemaExport.sessionFactoryCreated(SessionFactoryObserverForSchemaExport.java:37) ~[hibernate-core-6.5.3.Final.jar:6.5.3.Final]
	at org.hibernate.internal.SessionFactoryObserverChain.sessionFactoryCreated(SessionFactoryObserverChain.java:35) ~[hibernate-core-6.5.3.Final.jar:6.5.3.Final]
	at org.hibernate.internal.SessionFactoryImpl.<init>(SessionFactoryImpl.java:322) ~[hibernate-core-6.5.3.Final.jar:6.5.3.Final]
	at org.hibernate.boot.internal.SessionFactoryBuilderImpl.build(SessionFactoryBuilderImpl.java:457) ~[hibernate-core-6.5.3.Final.jar:6.5.3.Final]
	at org.hibernate.jpa.boot.internal.EntityManagerFactoryBuilderImpl.build(EntityManagerFactoryBuilderImpl.java:1506) ~[hibernate-core-6.5.3.Final.jar:6.5.3.Final]
	at org.springframework.orm.jpa.vendor.SpringHibernateJpaPersistenceProvider.createContainerEntityManagerFactory(SpringHibernateJpaPersistenceProvider.java:75) ~[spring-orm-6.1.13.jar:6.1.13]
	at org.springframework.orm.jpa.LocalContainerEntityManagerFactoryBean.createNativeEntityManagerFactory(LocalContainerEntityManagerFactoryBean.java:390) ~[spring-orm-6.1.13.jar:6.1.13]
	at org.springframework.orm.jpa.AbstractEntityManagerFactoryBean.buildNativeEntityManagerFactory(AbstractEntityManagerFactoryBean.java:409) ~[spring-orm-6.1.13.jar:6.1.13]
	at org.springframework.orm.jpa.AbstractEntityManagerFactoryBean.afterPropertiesSet(AbstractEntityManagerFactoryBean.java:396) ~[spring-orm-6.1.13.jar:6.1.13]
	at org.springframework.orm.jpa.LocalContainerEntityManagerFactoryBean.afterPropertiesSet(LocalContainerEntityManagerFactoryBean.java:366) ~[spring-orm-6.1.13.jar:6.1.13]
	at org.springframework.beans.factory.support.AbstractAutowireCapableBeanFactory.invokeInitMethods(AbstractAutowireCapableBeanFactory.java:1853) ~[spring-beans-6.1.13.jar:6.1.13]
	at org.springframework.beans.factory.support.AbstractAutowireCapableBeanFactory.initializeBean(AbstractAutowireCapableBeanFactory.java:1802) ~[spring-beans-6.1.13.jar:6.1.13]
	at org.springframework.beans.factory.support.AbstractAutowireCapableBeanFactory.doCreateBean(AbstractAutowireCapableBeanFactory.java:600) ~[spring-beans-6.1.13.jar:6.1.13]
	at org.springframework.beans.factory.support.AbstractAutowireCapableBeanFactory.createBean(AbstractAutowireCapableBeanFactory.java:522) ~[spring-beans-6.1.13.jar:6.1.13]
	at org.springframework.beans.factory.support.AbstractBeanFactory.lambda$doGetBean$0(AbstractBeanFactory.java:337) ~[spring-beans-6.1.13.jar:6.1.13]
	at org.springframework.beans.factory.support.DefaultSingletonBeanRegistry.getSingleton(DefaultSingletonBeanRegistry.java:234) ~[spring-beans-6.1.13.jar:6.1.13]
	at org.springframework.beans.factory.support.AbstractBeanFactory.doGetBean(AbstractBeanFactory.java:335) ~[spring-beans-6.1.13.jar:6.1.13]
	at org.springframework.beans.factory.support.AbstractBeanFactory.getBean(AbstractBeanFactory.java:205) ~[spring-beans-6.1.13.jar:6.1.13]
	at org.springframework.context.support.AbstractApplicationContext.finishBeanFactoryInitialization(AbstractApplicationContext.java:954) ~[spring-context-6.1.13.jar:6.1.13]
	at org.springframework.context.support.AbstractApplicationContext.refresh(AbstractApplicationContext.java:625) ~[spring-context-6.1.13.jar:6.1.13]
	at org.springframework.boot.web.servlet.context.ServletWebServerApplicationContext.refresh(ServletWebServerApplicationContext.java:146) ~[spring-boot-3.3.4.jar:3.3.4]
	at org.springframework.boot.SpringApplication.refresh(SpringApplication.java:754) ~[spring-boot-3.3.4.jar:3.3.4]
	at org.springframework.boot.SpringApplication.refreshContext(SpringApplication.java:456) ~[spring-boot-3.3.4.jar:3.3.4]
	at org.springframework.boot.SpringApplication.run(SpringApplication.java:335) ~[spring-boot-3.3.4.jar:3.3.4]
	at org.springframework.boot.SpringApplication.run(SpringApplication.java:1363) ~[spring-boot-3.3.4.jar:3.3.4]
	at org.springframework.boot.SpringApplication.run(SpringApplication.java:1352) ~[spring-boot-3.3.4.jar:3.3.4]
	at com.lyc.teamnav.TeamNavApplication.main(TeamNavApplication.java:10) ~[classes/:na]
Caused by: org.h2.jdbc.JdbcSQLSyntaxErrorException: Syntax error in SQL statement "create table [*]user (id varchar(32) not null, avatar varchar(200), nickname varchar(100), password varchar(100), username varchar(100), primary key (id))"; expected "identifier"; SQL statement:
create table user (id varchar(32) not null, avatar varchar(200), nickname varchar(100), password varchar(100), username varchar(100), primary key (id)) [42001-224]
	at org.h2.message.DbException.getJdbcSQLException(DbException.java:514) ~[h2-2.2.224.jar:2.2.224]
	at org.h2.message.DbException.getJdbcSQLException(DbException.java:489) ~[h2-2.2.224.jar:2.2.224]
	at org.h2.message.DbException.getSyntaxError(DbException.java:261) ~[h2-2.2.224.jar:2.2.224]
	at org.h2.command.Parser.readIdentifier(Parser.java:5533) ~[h2-2.2.224.jar:2.2.224]
	at org.h2.command.Parser.readIdentifierWithSchema(Parser.java:5493) ~[h2-2.2.224.jar:2.2.224]
	at org.h2.command.Parser.readIdentifierWithSchema(Parser.java:5522) ~[h2-2.2.224.jar:2.2.224]
	at org.h2.command.Parser.parseCreateTable(Parser.java:8921) ~[h2-2.2.224.jar:2.2.224]
	at org.h2.command.Parser.parseCreate(Parser.java:6404) ~[h2-2.2.224.jar:2.2.224]
	at org.h2.command.Parser.parsePrepared(Parser.java:666) ~[h2-2.2.224.jar:2.2.224]
	at org.h2.command.Parser.parse(Parser.java:592) ~[h2-2.2.224.jar:2.2.224]
	at org.h2.command.Parser.parse(Parser.java:564) ~[h2-2.2.224.jar:2.2.224]
	at org.h2.command.Parser.prepareCommand(Parser.java:483) ~[h2-2.2.224.jar:2.2.224]
	at org.h2.engine.SessionLocal.prepareLocal(SessionLocal.java:639) ~[h2-2.2.224.jar:2.2.224]
	at org.h2.engine.SessionLocal.prepareCommand(SessionLocal.java:559) ~[h2-2.2.224.jar:2.2.224]
	at org.h2.jdbc.JdbcConnection.prepareCommand(JdbcConnection.java:1166) ~[h2-2.2.224.jar:2.2.224]
	at org.h2.jdbc.JdbcStatement.executeInternal(JdbcStatement.java:245) ~[h2-2.2.224.jar:2.2.224]
	at org.h2.jdbc.JdbcStatement.execute(JdbcStatement.java:231) ~[h2-2.2.224.jar:2.2.224]
	at com.zaxxer.hikari.pool.ProxyStatement.execute(ProxyStatement.java:94) ~[HikariCP-5.1.0.jar:na]
	at com.zaxxer.hikari.pool.HikariProxyStatement.execute(HikariProxyStatement.java) ~[HikariCP-5.1.0.jar:na]
	at org.hibernate.tool.schema.internal.exec.GenerationTargetToDatabase.accept(GenerationTargetToDatabase.java:80) ~[hibernate-core-6.5.3.Final.jar:6.5.3.Final]
	... 37 common frames omitted

2024-10-14T18:03:04.036+08:00  INFO 7888 --- [main] com.lyc.teamnav.TeamNavApplication       : Started TeamNavApplication in 5.682 seconds (process running for 6.945)
2024-10-14T18:03:50.696+08:00  INFO 7888 --- [SpringApplicationShutdownHook] com.zaxxer.hikari.HikariDataSource       : HikariPool-1 - Shutdown initiated...
2024-10-14T18:03:50.748+08:00  INFO 7888 --- [SpringApplicationShutdownHook] com.zaxxer.hikari.HikariDataSource       : HikariPool-1 - Shutdown completed.
2024-10-14T18:03:58.790+08:00  INFO 12240 --- [main] com.lyc.teamnav.TeamNavApplication       : Starting TeamNavApplication using Java 22.0.1 with PID 12240 (D:\data\code\pujing\teamnav\target\classes started by Administrator in D:\data\code\pujing\teamnav)
2024-10-14T18:03:58.793+08:00  INFO 12240 --- [main] com.lyc.teamnav.TeamNavApplication       : The following 1 profile is active: "local"
2024-10-14T18:04:00.734+08:00  INFO 12240 --- [main] o.hibernate.jpa.internal.util.LogHelper  : HHH000204: Processing PersistenceUnitInfo [name: default]
2024-10-14T18:04:00.803+08:00  INFO 12240 --- [main] org.hibernate.Version                    : HHH000412: Hibernate ORM core version 6.5.3.Final
2024-10-14T18:04:00.845+08:00  INFO 12240 --- [main] o.h.c.internal.RegionFactoryInitiator    : HHH000026: Second-level cache disabled
2024-10-14T18:04:01.296+08:00  INFO 12240 --- [main] com.zaxxer.hikari.HikariDataSource       : HikariPool-1 - Starting...
2024-10-14T18:04:01.671+08:00  INFO 12240 --- [main] com.zaxxer.hikari.pool.HikariPool        : HikariPool-1 - Added connection conn1: url=jdbc:h2:./database/data user=SA
2024-10-14T18:04:01.673+08:00  INFO 12240 --- [main] com.zaxxer.hikari.HikariDataSource       : HikariPool-1 - Start completed.
2024-10-14T18:04:01.702+08:00  WARN 12240 --- [main] org.hibernate.orm.deprecation            : HHH90000025: H2Dialect does not need to be specified explicitly using 'hibernate.dialect' (remove the property setting and it will be selected by default)
2024-10-14T18:04:02.812+08:00  INFO 12240 --- [main] o.h.e.t.j.p.i.JtaPlatformInitiator       : HHH000489: No JTA platform available (set 'hibernate.transaction.jta.platform' to enable JTA platform integration)
2024-10-14T18:04:03.788+08:00  INFO 12240 --- [main] com.lyc.teamnav.TeamNavApplication       : Started TeamNavApplication in 5.646 seconds (process running for 6.63)
